OpenSocket/build/intermediates/manifest_merge_blame_file/debug/manifest-merger-blame-debug-report.txt
1<?xml version="1.0" encoding="utf-8"?>
2<manifest xmlns:android="http://schemas.android.com/apk/res/android"
3    package="com.android.opensocket.ir" >
4
5    <uses-sdk
6        android:minSdkVersion="21"
6-->src/main/AndroidManifest.xml
7        android:targetSdkVersion="32" />
7-->src/main/AndroidManifest.xml
8
9    <uses-permission android:name="android.permission.USE_FULL_SCREEN_INTENT" />
9-->src/main/AndroidManifest.xml:4:5-97
9-->src/main/AndroidManifest.xml:4:22-78
10    <uses-permission android:name="android.permission.FOREGROUND_SERVICE" />
10-->src/main/AndroidManifest.xml:5:5-77
10-->src/main/AndroidManifest.xml:5:22-74
11
12</manifest>